{
  "stats": {
    "suites": 1,
    "tests": 4,
    "passes": 4,
    "pending": 0,
    "failures": 0,
    "start": "2025-06-04T03:11:05.248Z",
    "end": "2025-06-04T03:11:24.101Z",
    "duration": 18853,
    "testsRegistered": 4,
    "passPercent": 100,
    "pendingPercent": 0,
    "other": 0,
    "hasOther": false,
    "skipped": 0,
    "hasSkipped": false
  },
  "results": [
    {
      "uuid": "1cd74f1f-cd07-44d1-9fc8-0669f95ee09c",
      "title": "",
      "fullFile": "cypress/e2e/mobile-view/demoblaze_mobile.cy.js",
      "file": "cypress/e2e/mobile-view/demoblaze_mobile.cy.js",
      "beforeHooks": [],
      "afterHooks": [],
      "tests": [],
      "suites": [
        {
          "uuid": "c46ddc15-4dc6-454f-9966-563a30007f18",
          "title": "Demoblaze pruebas en Mobile View",
          "fullFile": "",
          "file": "",
          "beforeHooks": [],
          "afterHooks": [],
          "tests": [
            {
              "title": "1) Login y Logout en Mobile View",
              "fullTitle": "Demoblaze pruebas en Mobile View 1) Login y Logout en Mobile View",
              "timedOut": null,
              "duration": 3722,
              "state": "passed",
              "speed": "fast",
              "pass": true,
              "fail": false,
              "pending": false,
              "context": null,
              "code": "cy.fixture('usuarios.json').then(function (_ref) {\n  var valido = _ref.valido;\n  cy.loginDemoBlaze(valido.user, valido.password);\n  // Validar que el usuario esté logueado, p. ej. que “Welcome <username>” aparezca.\n  miHomePage.verifyLoginSuccess(valido.user);\n});\nmiHomePage.logout();\nmiHomePage.verifyLogoutSuccess();",
              "err": {},
              "uuid": "a2dde267-2409-4d54-bbfd-ef1436419c89",
              "parentUUID": "c46ddc15-4dc6-454f-9966-563a30007f18",
              "isHook": false,
              "skipped": false
            },
            {
              "title": "2) Validar navegación responsive en categoría Monitors",
              "fullTitle": "Demoblaze pruebas en Mobile View 2) Validar navegación responsive en categoría Monitors",
              "timedOut": null,
              "duration": 512,
              "state": "passed",
              "speed": "fast",
              "pass": true,
              "fail": false,
              "pending": false,
              "context": null,
              "code": "//cy.contains('Monitors').scrollIntoView().click();\nmiHomePage.clickCategory('Monitors');\n// En mobile el layout cambia; validamos que algún título de tarjeta muestre “Monitor”\ncy.get('.col-lg-4 .card-title').should('contain.text', 'monitor');",
              "err": {},
              "uuid": "6c590d14-cf8a-4a03-83e7-c839bb85250d",
              "parentUUID": "c46ddc15-4dc6-454f-9966-563a30007f18",
              "isHook": false,
              "skipped": false
            },
            {
              "title": "3) Añadir producto al carrito navegando en móvil",
              "fullTitle": "Demoblaze pruebas en Mobile View 3) Añadir producto al carrito navegando en móvil",
              "timedOut": null,
              "duration": 13824,
              "state": "passed",
              "speed": "slow",
              "pass": true,
              "fail": false,
              "pending": false,
              "context": null,
              "code": "// 2.1) Desplegamos menú + clic en categoría “Monitors”\nmiHomePage.clickCategory('Monitors');\n// 2.2) Buscamos la tarjeta “Apple monitor 24” y la clickeamos\ncy.get('.card-title').contains('Apple monitor 24').scrollIntoView().click();\n// 2.3) Validamos que el título de la página sea “Apple monitor 24”\nmiProductPage.verifyProductTitle('Apple monitor 24');\n// 2.4) Damos click en “Add to cart” y capturamos el alert de confirmación\nmiProductPage.addToCart();\n// 2.5) Vamos al carrito\nmiHomePage.goToCart();\n// 2.6) Verificamos que el carrito contenga “Apple monitor 24” con precio “400”\nmiCartPage.verifyProductInCart('Apple monitor 24', '400');",
              "err": {},
              "uuid": "c1052ebb-f191-42e1-b9bf-201a57948c4a",
              "parentUUID": "c46ddc15-4dc6-454f-9966-563a30007f18",
              "isHook": false,
              "skipped": false
            },
            {
              "title": "4) Validar que se pueda hacer scroll para ver producto inferior",
              "fullTitle": "Demoblaze pruebas en Mobile View 4) Validar que se pueda hacer scroll para ver producto inferior",
              "timedOut": null,
              "duration": 717,
              "state": "passed",
              "speed": "fast",
              "pass": true,
              "fail": false,
              "pending": false,
              "context": null,
              "code": "// Ejemplo: buscar “Dell i7 8gb” y hacer scroll\ncy.contains('Sony Xperia Z5').scrollIntoView().should('be.visible');",
              "err": {},
              "uuid": "15cb3651-d021-4390-a15e-25488adac22f",
              "parentUUID": "c46ddc15-4dc6-454f-9966-563a30007f18",
              "isHook": false,
              "skipped": false
            }
          ],
          "suites": [],
          "passes": [
            "a2dde267-2409-4d54-bbfd-ef1436419c89",
            "6c590d14-cf8a-4a03-83e7-c839bb85250d",
            "c1052ebb-f191-42e1-b9bf-201a57948c4a",
            "15cb3651-d021-4390-a15e-25488adac22f"
          ],
          "failures": [],
          "pending": [],
          "skipped": [],
          "duration": 18775,
          "root": false,
          "rootEmpty": false,
          "_timeout": 2000
        }
      ],
      "passes": [],
      "failures": [],
      "pending": [],
      "skipped": [],
      "duration": 0,
      "root": true,
      "rootEmpty": true,
      "_timeout": 2000
    }
  ],
  "meta": {
    "mocha": {
      "version": "7.2.0"
    },
    "mochawesome": {
      "options": {
        "quiet": false,
        "reportFilename": "mochawesome",
        "saveHtml": false,
        "saveJson": true,
        "consoleReporter": "spec",
        "useInlineDiffs": false,
        "code": true
      },
      "version": "7.1.3"
    },
    "marge": {
      "options": {
        "reportDir": "cypress/reports/mochawesome-report",
        "overwrite": false,
        "html": false,
        "json": true,
        "timestamp": "mmddyyyy_HHmmss"
      },
      "version": "6.2.0"
    }
  }
}