{
  "stats": {
    "suites": 1,
    "tests": 4,
    "passes": 3,
    "pending": 0,
    "failures": 1,
    "start": "2025-06-02T21:58:26.618Z",
    "end": "2025-06-02T21:58:34.913Z",
    "duration": 8295,
    "testsRegistered": 4,
    "passPercent": 75,
    "pendingPercent": 0,
    "other": 0,
    "hasOther": false,
    "skipped": 0,
    "hasSkipped": false
  },
  "results": [
    {
      "uuid": "a8691e96-7d82-4a6c-a0f9-91a21a9bbaee",
      "title": "",
      "fullFile": "cypress/e2e/mobile-view/demoblaze_mobile.cy.js",
      "file": "cypress/e2e/mobile-view/demoblaze_mobile.cy.js",
      "beforeHooks": [],
      "afterHooks": [],
      "tests": [],
      "suites": [
        {
          "uuid": "2501e67f-33fd-47ec-8b7f-b7adeef4eccf",
          "title": "Demoblaze pruebas en Mobile View",
          "fullFile": "",
          "file": "",
          "beforeHooks": [],
          "afterHooks": [],
          "tests": [
            {
              "title": "1) Login y Logout en Mobile View",
              "fullTitle": "Demoblaze pruebas en Mobile View 1) Login y Logout en Mobile View",
              "timedOut": null,
              "duration": 3646,
              "state": "failed",
              "speed": null,
              "pass": false,
              "fail": true,
              "pending": false,
              "context": null,
              "code": "cy.viewport('iphone-x');\nhome.open();\nhome.openLoginModal();\nhome.fillLoginForm('usuarioPrueba', 'contraseñaPrueba');\nhome.submitLogin();\ncy.get('#nameofuser').should('contain.text', 'Welcome usuarioPrueba');\nhome.logout();\ncy.get('#login2').should('be.visible');",
              "err": {
                "message": "TypeError: home.open is not a function",
                "estack": "TypeError: home.open is not a function\n    at Context.eval (webpack://web/./cypress/e2e/mobile-view/demoblaze_mobile.cy.js:18:9)\n    at runnable.fn (https://demoblaze.com/__cypress/runner/cypress_runner.js:141400:19)\n    at callFn (https://demoblaze.com/__cypress/runner/cypress_runner.js:160478:21)\n    at Runnable.run (https://demoblaze.com/__cypress/runner/cypress_runner.js:160465:7)\n    at <unknown> (https://demoblaze.com/__cypress/runner/cypress_runner.js:166537:30)\n    at PassThroughHandlerContext.finallyHandler (https://demoblaze.com/__cypress/runner/cypress_runner.js:4042:23)\n    at PassThroughHandlerContext.tryCatcher (https://demoblaze.com/__cypress/runner/cypress_runner.js:1777:23)\n    at Promise._settlePromiseFromHandler (https://demoblaze.com/__cypress/runner/cypress_runner.js:1489:31)\n    at Promise._settlePromise (https://demoblaze.com/__cypress/runner/cypress_runner.js:1546:18)",
                "diff": null
              },
              "uuid": "a270c937-cc63-4357-8cab-0fec357f5152",
              "parentUUID": "2501e67f-33fd-47ec-8b7f-b7adeef4eccf",
              "isHook": false,
              "skipped": false
            },
            {
              "title": "2) Validar navegación responsive en categoría Monitors",
              "fullTitle": "Demoblaze pruebas en Mobile View 2) Validar navegación responsive en categoría Monitors",
              "timedOut": null,
              "duration": 533,
              "state": "passed",
              "speed": "fast",
              "pass": true,
              "fail": false,
              "pending": false,
              "context": null,
              "code": "//cy.contains('Monitors').scrollIntoView().click();\nhome.clickCategory('Monitors');\n// En mobile el layout cambia; validamos que algún título de tarjeta muestre “Monitor”\ncy.get('.col-lg-4 .card-title').should('contain.text', 'monitor');",
              "err": {},
              "uuid": "2f80dfa3-8ed7-4a46-87da-f8e485221f73",
              "parentUUID": "2501e67f-33fd-47ec-8b7f-b7adeef4eccf",
              "isHook": false,
              "skipped": false
            },
            {
              "title": "3) Añadir producto al carrito navegando en móvil",
              "fullTitle": "Demoblaze pruebas en Mobile View 3) Añadir producto al carrito navegando en móvil",
              "timedOut": null,
              "duration": 3105,
              "state": "passed",
              "speed": "fast",
              "pass": true,
              "fail": false,
              "pending": false,
              "context": null,
              "code": "// 2.1) Desplegamos menú + clic en categoría “Monitors”\nhome.clickCategory('Monitors');\n// 2.2) Buscamos la tarjeta “Apple monitor 24” y la clickeamos\ncy.get('.card-title').contains('Apple monitor 24').scrollIntoView().click();\n// 2.3) Validamos que el título de la página sea “Apple monitor 24”\nproduct.verifyProductTitle('Apple monitor 24');\n// 2.4) Damos click en “Add to cart” y capturamos el alert de confirmación\nproduct.addToCart();\n// 2.5) Vamos al carrito\nhome.goToCart();\n// 2.6) Verificamos que el carrito contenga “Apple monitor 24” con precio “400”\ncart.verifyProductInCart('Apple monitor 24', '400');",
              "err": {},
              "uuid": "c6437fb4-c956-496e-ac5a-50473f4b228d",
              "parentUUID": "2501e67f-33fd-47ec-8b7f-b7adeef4eccf",
              "isHook": false,
              "skipped": false
            },
            {
              "title": "4) Validar que se pueda hacer scroll para ver producto inferior",
              "fullTitle": "Demoblaze pruebas en Mobile View 4) Validar que se pueda hacer scroll para ver producto inferior",
              "timedOut": null,
              "duration": 915,
              "state": "passed",
              "speed": "fast",
              "pass": true,
              "fail": false,
              "pending": false,
              "context": null,
              "code": "// Ejemplo: buscar “Dell i7 8gb” y hacer scroll\ncy.contains('Sony Xperia Z5').scrollIntoView().should('be.visible');",
              "err": {},
              "uuid": "82d22ee9-201c-4e5c-bf17-3ff41dd6d528",
              "parentUUID": "2501e67f-33fd-47ec-8b7f-b7adeef4eccf",
              "isHook": false,
              "skipped": false
            }
          ],
          "suites": [],
          "passes": [
            "2f80dfa3-8ed7-4a46-87da-f8e485221f73",
            "c6437fb4-c956-496e-ac5a-50473f4b228d",
            "82d22ee9-201c-4e5c-bf17-3ff41dd6d528"
          ],
          "failures": [
            "a270c937-cc63-4357-8cab-0fec357f5152"
          ],
          "pending": [],
          "skipped": [],
          "duration": 8199,
          "root": false,
          "rootEmpty": false,
          "_timeout": 2000
        }
      ],
      "passes": [],
      "failures": [],
      "pending": [],
      "skipped": [],
      "duration": 0,
      "root": true,
      "rootEmpty": true,
      "_timeout": 2000
    }
  ],
  "meta": {
    "mocha": {
      "version": "7.2.0"
    },
    "mochawesome": {
      "options": {
        "quiet": false,
        "reportFilename": "mochawesome",
        "saveHtml": false,
        "saveJson": true,
        "consoleReporter": "spec",
        "useInlineDiffs": false,
        "code": true
      },
      "version": "7.1.3"
    },
    "marge": {
      "options": {
        "reportDir": "cypress/reports/mochawesome-report",
        "overwrite": false,
        "html": false,
        "json": true,
        "timestamp": "mmddyyyy_HHMMss"
      },
      "version": "6.2.0"
    }
  }
}