{
  "stats": {
    "suites": 1,
    "tests": 4,
    "passes": 3,
    "pending": 0,
    "failures": 1,
    "start": "2025-06-02T21:59:04.079Z",
    "end": "2025-06-02T21:59:12.564Z",
    "duration": 8485,
    "testsRegistered": 4,
    "passPercent": 75,
    "pendingPercent": 0,
    "other": 0,
    "hasOther": false,
    "skipped": 0,
    "hasSkipped": false
  },
  "results": [
    {
      "uuid": "4de91ccf-af22-49f5-8944-a898e7724242",
      "title": "",
      "fullFile": "cypress/e2e/desktop/demoblaze_desktop.cy.js",
      "file": "cypress/e2e/desktop/demoblaze_desktop.cy.js",
      "beforeHooks": [],
      "afterHooks": [],
      "tests": [],
      "suites": [
        {
          "uuid": "018a41e1-1396-443f-8831-fa9b49db56e5",
          "title": "Demoblaze pruebas en Desktop",
          "fullFile": "",
          "file": "",
          "beforeHooks": [],
          "afterHooks": [],
          "tests": [
            {
              "title": "1) Login y Logout en Desktop",
              "fullTitle": "Demoblaze pruebas en Desktop 1) Login y Logout en Desktop",
              "timedOut": null,
              "duration": 1539,
              "state": "failed",
              "speed": null,
              "pass": false,
              "fail": true,
              "pending": false,
              "context": null,
              "code": "home.open(); // O home.visitHome()\nhome.openLoginModal();\nhome.fillLoginForm('usuarioPrueba', 'contraseñaPrueba');\nhome.submitLogin();\n// Validar que el usuario esté logueado, p. ej. que “Welcome <username>” aparezca.\ncy.get('#nameofuser').should('contain.text', 'Welcome usuarioPrueba');\nhome.logout();\n// Verificar que ya aparece botón “Log in” otra vez:\ncy.get('#login2').should('be.visible');",
              "err": {
                "message": "TypeError: home.open is not a function",
                "estack": "TypeError: home.open is not a function\n    at Context.eval (webpack://web/./cypress/e2e/desktop/demoblaze_desktop.cy.js:18:9)\n    at runnable.fn (https://demoblaze.com/__cypress/runner/cypress_runner.js:141400:19)\n    at callFn (https://demoblaze.com/__cypress/runner/cypress_runner.js:160478:21)\n    at Runnable.run (https://demoblaze.com/__cypress/runner/cypress_runner.js:160465:7)\n    at <unknown> (https://demoblaze.com/__cypress/runner/cypress_runner.js:166537:30)\n    at PassThroughHandlerContext.finallyHandler (https://demoblaze.com/__cypress/runner/cypress_runner.js:4042:23)\n    at PassThroughHandlerContext.tryCatcher (https://demoblaze.com/__cypress/runner/cypress_runner.js:1777:23)\n    at Promise._settlePromiseFromHandler (https://demoblaze.com/__cypress/runner/cypress_runner.js:1489:31)\n    at Promise._settlePromise (https://demoblaze.com/__cypress/runner/cypress_runner.js:1546:18)",
                "diff": null
              },
              "uuid": "11cb5cd4-d6b7-4578-8063-2c64f0a96970",
              "parentUUID": "018a41e1-1396-443f-8831-fa9b49db56e5",
              "isHook": false,
              "skipped": false
            },
            {
              "title": "2) Navegar a categoría Laptops y validar listado",
              "fullTitle": "Demoblaze pruebas en Desktop 2) Navegar a categoría Laptops y validar listado",
              "timedOut": null,
              "duration": 663,
              "state": "passed",
              "speed": "fast",
              "pass": true,
              "fail": false,
              "pending": false,
              "context": null,
              "code": "home.clickCategory('Laptops');\n// Validamos que en la lista de productos aparezca una laptop, ejemplo: \"Sony vaio i5\"\ncy.get('.card-title').should('contain.text', 'Sony vaio i5');",
              "err": {},
              "uuid": "776194a3-6a7a-4a3e-b51d-2ebc1733ba64",
              "parentUUID": "018a41e1-1396-443f-8831-fa9b49db56e5",
              "isHook": false,
              "skipped": false
            },
            {
              "title": "3) Seleccionar un producto y añadir al carrito",
              "fullTitle": "Demoblaze pruebas en Desktop 3) Seleccionar un producto y añadir al carrito",
              "timedOut": null,
              "duration": 3613,
              "state": "passed",
              "speed": "fast",
              "pass": true,
              "fail": false,
              "pending": false,
              "context": null,
              "code": "home.clickCategory('Laptops');\nhome.clickProductByName('Sony vaio i5');\nproduct.verifyProductTitle('Sony vaio i5');\nproduct.addToCart();\nhome.goToCart();\ncart.verifyProductInCart('Sony vaio i5', '790');",
              "err": {},
              "uuid": "fc2a241b-2bee-4d45-aaf5-3147facfc652",
              "parentUUID": "018a41e1-1396-443f-8831-fa9b49db56e5",
              "isHook": false,
              "skipped": false
            },
            {
              "title": "4) Eliminar producto del carrito",
              "fullTitle": "Demoblaze pruebas en Desktop 4) Eliminar producto del carrito",
              "timedOut": null,
              "duration": 2597,
              "state": "passed",
              "speed": "fast",
              "pass": true,
              "fail": false,
              "pending": false,
              "context": null,
              "code": "home.clickCategory('Laptops');\nhome.clickProductByName('Sony vaio i5');\nproduct.addToCart();\nhome.goToCart();\ncart.deleteProduct('Sony vaio i5');\n// Verificar que ya no aparezca el texto “Sony vaio i5” en el tbody\ncy.get('#tbodyid').should('not.contain', 'Sony vaio i5');",
              "err": {},
              "uuid": "c82a2b54-4573-4bde-9c43-774fa155f422",
              "parentUUID": "018a41e1-1396-443f-8831-fa9b49db56e5",
              "isHook": false,
              "skipped": false
            }
          ],
          "suites": [],
          "passes": [
            "776194a3-6a7a-4a3e-b51d-2ebc1733ba64",
            "fc2a241b-2bee-4d45-aaf5-3147facfc652",
            "c82a2b54-4573-4bde-9c43-774fa155f422"
          ],
          "failures": [
            "11cb5cd4-d6b7-4578-8063-2c64f0a96970"
          ],
          "pending": [],
          "skipped": [],
          "duration": 8412,
          "root": false,
          "rootEmpty": false,
          "_timeout": 2000
        }
      ],
      "passes": [],
      "failures": [],
      "pending": [],
      "skipped": [],
      "duration": 0,
      "root": true,
      "rootEmpty": true,
      "_timeout": 2000
    }
  ],
  "meta": {
    "mocha": {
      "version": "7.2.0"
    },
    "mochawesome": {
      "options": {
        "quiet": false,
        "reportFilename": "mochawesome",
        "saveHtml": false,
        "saveJson": true,
        "consoleReporter": "spec",
        "useInlineDiffs": false,
        "code": true
      },
      "version": "7.1.3"
    },
    "marge": {
      "options": {
        "reportDir": "cypress/reports/mochawesome-report",
        "overwrite": false,
        "html": false,
        "json": true,
        "timestamp": "mmddyyyy_HHMMss"
      },
      "version": "6.2.0"
    }
  }
}