{
  "stats": {
    "suites": 1,
    "tests": 4,
    "passes": 2,
    "pending": 0,
    "failures": 2,
    "start": "2025-06-02T21:56:46.637Z",
    "end": "2025-06-02T21:58:26.052Z",
    "duration": 99415,
    "testsRegistered": 4,
    "passPercent": 50,
    "pendingPercent": 0,
    "other": 0,
    "hasOther": false,
    "skipped": 0,
    "hasSkipped": false
  },
  "results": [
    {
      "uuid": "8bd5d034-14f5-4794-a4bf-dae6c4f9b5e8",
      "title": "",
      "fullFile": "cypress/e2e/desktop/demoblaze_desktop.cy.js",
      "file": "cypress/e2e/desktop/demoblaze_desktop.cy.js",
      "beforeHooks": [],
      "afterHooks": [],
      "tests": [],
      "suites": [
        {
          "uuid": "65faa4b5-9bb0-4845-b90c-2bafa1a89467",
          "title": "Demoblaze pruebas en Desktop",
          "fullFile": "",
          "file": "",
          "beforeHooks": [],
          "afterHooks": [],
          "tests": [
            {
              "title": "1) Login y Logout en Desktop",
              "fullTitle": "Demoblaze pruebas en Desktop 1) Login y Logout en Desktop",
              "timedOut": null,
              "duration": 9431,
              "state": "failed",
              "speed": null,
              "pass": false,
              "fail": true,
              "pending": false,
              "context": null,
              "code": "home.open(); // O home.visitHome()\nhome.openLoginModal();\nhome.fillLoginForm('usuarioPrueba', 'contraseñaPrueba');\nhome.submitLogin();\n// Validar que el usuario esté logueado, p. ej. que “Welcome <username>” aparezca.\ncy.get('#nameofuser').should('contain.text', 'Welcome usuarioPrueba');\nhome.logout();\n// Verificar que ya aparece botón “Log in” otra vez:\ncy.get('#login2').should('be.visible');",
              "err": {
                "message": "TypeError: home.open is not a function",
                "estack": "TypeError: home.open is not a function\n    at Context.eval (webpack://web/./cypress/e2e/desktop/demoblaze_desktop.cy.js:18:9)\n    at runnable.fn (https://demoblaze.com/__cypress/runner/cypress_runner.js:141400:19)\n    at callFn (https://demoblaze.com/__cypress/runner/cypress_runner.js:160478:21)\n    at Runnable.run (https://demoblaze.com/__cypress/runner/cypress_runner.js:160465:7)\n    at <unknown> (https://demoblaze.com/__cypress/runner/cypress_runner.js:166537:30)\n    at PassThroughHandlerContext.finallyHandler (https://demoblaze.com/__cypress/runner/cypress_runner.js:4042:23)\n    at PassThroughHandlerContext.tryCatcher (https://demoblaze.com/__cypress/runner/cypress_runner.js:1777:23)\n    at Promise._settlePromiseFromHandler (https://demoblaze.com/__cypress/runner/cypress_runner.js:1489:31)\n    at Promise._settlePromise (https://demoblaze.com/__cypress/runner/cypress_runner.js:1546:18)",
                "diff": null
              },
              "uuid": "0c804b85-3d04-484d-8c53-0460f1008eec",
              "parentUUID": "65faa4b5-9bb0-4845-b90c-2bafa1a89467",
              "isHook": false,
              "skipped": false
            },
            {
              "title": "2) Navegar a categoría Laptops y validar listado",
              "fullTitle": "Demoblaze pruebas en Desktop 2) Navegar a categoría Laptops y validar listado",
              "timedOut": null,
              "duration": 661,
              "state": "passed",
              "speed": "fast",
              "pass": true,
              "fail": false,
              "pending": false,
              "context": null,
              "code": "home.clickCategory('Laptops');\n// Validamos que en la lista de productos aparezca una laptop, ejemplo: \"Sony vaio i5\"\ncy.get('.card-title').should('contain.text', 'Sony vaio i5');",
              "err": {},
              "uuid": "aa75e5fd-e085-4301-9217-0c4a9ce800fb",
              "parentUUID": "65faa4b5-9bb0-4845-b90c-2bafa1a89467",
              "isHook": false,
              "skipped": false
            },
            {
              "title": "3) Seleccionar un producto y añadir al carrito",
              "fullTitle": "Demoblaze pruebas en Desktop 3) Seleccionar un producto y añadir al carrito",
              "timedOut": null,
              "duration": 64156,
              "state": "failed",
              "speed": null,
              "pass": false,
              "fail": true,
              "pending": false,
              "context": null,
              "code": "home.clickCategory('Laptops');\nhome.clickProductByName('Sony vaio i5');\nproduct.verifyProductTitle('Sony vaio i5');\nproduct.addToCart();\nhome.goToCart();\ncart.verifyProductInCart('Sony vaio i5', '790');",
              "err": {
                "message": "CypressError: Timed out after waiting `60000ms` for your remote page to load.\n\nYour page did not fire its `load` event within `60000ms`.\n\nYou can try increasing the `pageLoadTimeout` value in `cypress.config.js` to wait longer.\n\nBrowsers will not fire the `load` event until all stylesheets and scripts are done downloading.\n\nWhen this `load` event occurs, Cypress will continue running commands.",
                "estack": "CypressError: Timed out after waiting `60000ms` for your remote page to load.\n\nYour page did not fire its `load` event within `60000ms`.\n\nYou can try increasing the `pageLoadTimeout` value in `cypress.config.js` to wait longer.\n\nBrowsers will not fire the `load` event until all stylesheets and scripts are done downloading.\n\nWhen this `load` event occurs, Cypress will continue running commands.\n    at timedOutWaitingForPageLoad (https://demoblaze.com/__cypress/runner/cypress_runner.js:133709:64)\n    at <unknown> (https://demoblaze.com/__cypress/runner/cypress_runner.js:134025:16)\n    at tryCatcher (https://demoblaze.com/__cypress/runner/cypress_runner.js:1777:23)\n    at <unknown> (https://demoblaze.com/__cypress/runner/cypress_runner.js:4156:41)\n    at tryCatcher (https://demoblaze.com/__cypress/runner/cypress_runner.js:1777:23)\n    at Promise._settlePromiseFromHandler (https://demoblaze.com/__cypress/runner/cypress_runner.js:1489:31)\n    at Promise._settlePromise (https://demoblaze.com/__cypress/runner/cypress_runner.js:1546:18)\n    at Promise._settlePromise0 (https://demoblaze.com/__cypress/runner/cypress_runner.js:1591:10)\n    at Promise._settlePromises (https://demoblaze.com/__cypress/runner/cypress_runner.js:1667:18)\n    at _drainQueueStep (https://demoblaze.com/__cypress/runner/cypress_runner.js:2377:12)\n    at _drainQueue (https://demoblaze.com/__cypress/runner/cypress_runner.js:2370:9)\n    at Async._drainQueues (https://demoblaze.com/__cypress/runner/cypress_runner.js:2386:5)\n    at Async.drainQueues (https://demoblaze.com/__cypress/runner/cypress_runner.js:2256:14)\nFrom Your Spec Code:\n    at $Cy.eval (webpack://web/./cypress/page-objects/ProductPage.js:16:6)\n    at EventEmitter.emit (https://demoblaze.com/__cypress/runner/cypress_runner.js:144237:19)\n    at parent.<computed> [as emit] (https://demoblaze.com/__cypress/runner/cypress_runner.js:143150:32)\n    at $Cypress.action (https://demoblaze.com/__cypress/runner/cypress_runner.js:41670:21)\n    at onAlert (https://demoblaze.com/__cypress/runner/cypress_runner.js:141536:27)\n    at Object.success (https://demoblaze.com/js/prod.js:202:9)\n    at i (https://demoblaze.com/node_modules/jquery/dist/jquery.min.js:2:28017)\n    at Object.fireWith [as resolveWith] (https://demoblaze.com/node_modules/jquery/dist/jquery.min.js:2:28783)",
                "diff": null
              },
              "uuid": "bdf0a60b-23c2-460d-8512-c6895065549d",
              "parentUUID": "65faa4b5-9bb0-4845-b90c-2bafa1a89467",
              "isHook": false,
              "skipped": false
            },
            {
              "title": "4) Eliminar producto del carrito",
              "fullTitle": "Demoblaze pruebas en Desktop 4) Eliminar producto del carrito",
              "timedOut": null,
              "duration": 25100,
              "state": "passed",
              "speed": "slow",
              "pass": true,
              "fail": false,
              "pending": false,
              "context": null,
              "code": "home.clickCategory('Laptops');\nhome.clickProductByName('Sony vaio i5');\nproduct.addToCart();\nhome.goToCart();\ncart.deleteProduct('Sony vaio i5');\n// Verificar que ya no aparezca el texto “Sony vaio i5” en el tbody\ncy.get('#tbodyid').should('not.contain', 'Sony vaio i5');",
              "err": {},
              "uuid": "24e4be3a-a100-4431-bb66-fbf30eae7df2",
              "parentUUID": "65faa4b5-9bb0-4845-b90c-2bafa1a89467",
              "isHook": false,
              "skipped": false
            }
          ],
          "suites": [],
          "passes": [
            "aa75e5fd-e085-4301-9217-0c4a9ce800fb",
            "24e4be3a-a100-4431-bb66-fbf30eae7df2"
          ],
          "failures": [
            "0c804b85-3d04-484d-8c53-0460f1008eec",
            "bdf0a60b-23c2-460d-8512-c6895065549d"
          ],
          "pending": [],
          "skipped": [],
          "duration": 99348,
          "root": false,
          "rootEmpty": false,
          "_timeout": 2000
        }
      ],
      "passes": [],
      "failures": [],
      "pending": [],
      "skipped": [],
      "duration": 0,
      "root": true,
      "rootEmpty": true,
      "_timeout": 2000
    }
  ],
  "meta": {
    "mocha": {
      "version": "7.2.0"
    },
    "mochawesome": {
      "options": {
        "quiet": false,
        "reportFilename": "mochawesome",
        "saveHtml": false,
        "saveJson": true,
        "consoleReporter": "spec",
        "useInlineDiffs": false,
        "code": true
      },
      "version": "7.1.3"
    },
    "marge": {
      "options": {
        "reportDir": "cypress/reports/mochawesome-report",
        "overwrite": false,
        "html": false,
        "json": true,
        "timestamp": "mmddyyyy_HHMMss"
      },
      "version": "6.2.0"
    }
  }
}