{"stats":{"suites":1,"tests":2,"passes":2,"pending":0,"failures":0,"start":"2025-06-04T20:53:00.435Z","end":"2025-06-04T20:53:09.965Z","duration":9530,"testsRegistered":2,"passPercent":100,"pendingPercent":0,"other":0,"hasOther":false,"skipped":0,"hasSkipped":false},"results":[{"title":"","suites":[{"title":"Flujos de login en Swag Labs (emulator-5554.android.13.swaglabs_apk)","suites":[],"tests":[{"title":"Verificar inicio de sesión con credenciales válidas","fullTitle":"Flujos de login en Swag Labs.Verificar inicio de sesión con credenciales válidas","timedOut":false,"duration":4783,"state":"passed","speed":null,"pass":true,"fail":false,"pending":false,"context":"[{\"title\":\"Session Id\",\"value\":\"15d15fee-edcd-42b5-89b5-da3b1b42d1b2\"}]","code":"","err":{},"uuid":"42589368-aad0-45e7-a4c8-1db6bbf0ed7d","parentUUID":"d3e294ef-c1a0-4d74-add6-47ebca998ac6","isHook":false,"skipped":false},{"title":"Verificar mensaje error en login con credenciales inválidas","fullTitle":"Flujos de login en Swag Labs.Verificar mensaje error en login con credenciales inválidas","timedOut":false,"duration":4221,"state":"passed","speed":null,"pass":true,"fail":false,"pending":false,"context":"[{\"title\":\"Session Id\",\"value\":\"15d15fee-edcd-42b5-89b5-da3b1b42d1b2\"}]","code":"","err":{},"uuid":"e857247f-5ad1-407f-94d6-aefa077dab13","parentUUID":"d3e294ef-c1a0-4d74-add6-47ebca998ac6","isHook":false,"skipped":false}],"root":false,"_timeout":5000,"file":"/Users/luismedina/Documents/ProyectosAutomatizacion/Cypress-Proyectos/qa-automation/mobile/test/specs/login.spec.js","uuid":"d3e294ef-c1a0-4d74-add6-47ebca998ac6","fullFile":"/Users/luismedina/Documents/ProyectosAutomatizacion/Cypress-Proyectos/qa-automation/mobile/test/specs/login.spec.js","beforeHooks":[{"title":"\"before each\" hook for Flujos de login en Swag Labs","fullTitle":"\"before each\" hook for Flujos de login en Swag Labs","timedOut":false,"duration":772,"state":"passed","speed":null,"pass":true,"fail":false,"pending":false,"context":"[{\"title\":\"Session Id\",\"value\":\"15d15fee-edcd-42b5-89b5-da3b1b42d1b2\"}]","code":"","err":{},"uuid":"ead3de9f-10de-47f1-9aa2-462fb69384ae","parentUUID":"d3e294ef-c1a0-4d74-add6-47ebca998ac6","isHook":true,"skipped":false},{"title":"\"before each\" hook for Flujos de login en Swag Labs","fullTitle":"\"before each\" hook for Flujos de login en Swag Labs","timedOut":false,"duration":675,"state":"passed","speed":null,"pass":true,"fail":false,"pending":false,"context":"[{\"title\":\"Session Id\",\"value\":\"15d15fee-edcd-42b5-89b5-da3b1b42d1b2\"}]","code":"","err":{},"uuid":"21a47035-62de-45f8-9fcd-4fb2fa3b5fed","parentUUID":"d3e294ef-c1a0-4d74-add6-47ebca998ac6","isHook":true,"skipped":false}],"afterHooks":[{"title":"\"after all\" hook in \"{root}\"","fullTitle":"\"after all\" hook in \"{root}\"","timedOut":false,"duration":0,"state":"passed","speed":null,"pass":true,"fail":false,"pending":false,"context":"[{\"title\":\"Session Id\",\"value\":\"15d15fee-edcd-42b5-89b5-da3b1b42d1b2\"}]","code":"","err":{},"uuid":"f44886e1-6b2a-480e-aa84-bdb223925279","parentUUID":"d3e294ef-c1a0-4d74-add6-47ebca998ac6","isHook":true,"skipped":false}],"passes":["42589368-aad0-45e7-a4c8-1db6bbf0ed7d","e857247f-5ad1-407f-94d6-aefa077dab13"],"failures":[],"pending":[],"skipped":[],"duration":9008}],"tests":[],"root":true,"_timeout":5000,"file":"","uuid":"907a3310-2c63-4581-8cc1-48bdf79e5525","fullFile":"","beforeHooks":[],"afterHooks":[],"passes":[],"failures":[],"pending":[],"skipped":[],"duration":0}],"meta":{"mocha":{"version":"11.1.0"},"mochawesome":{"options":{"quiet":false,"reportFilename":"test-report","saveHtml":true,"saveJson":true,"consoleReporter":"spec","useInlineDiffs":false,"code":false},"version":"7.1.3"},"marge":{"options":{"reportDir":"mochawesome-report","reportFilename":"test-report","reportTitle":"WebdriverIO Tests","charts":"true","overwrite":"true","timestamp":"true","code":"false","autoOpen":"true"},"version":"6.2.0"}}}