{"stats":{"suites":1,"tests":1,"passes":1,"pending":0,"failures":0,"start":"2025-06-04T20:53:12.472Z","end":"2025-06-04T20:53:19.518Z","duration":7046,"testsRegistered":1,"passPercent":100,"pendingPercent":0,"other":0,"hasOther":false,"skipped":0,"hasSkipped":false},"results":[{"title":"","suites":[{"title":"Scroll y Girar la pantalla (emulator-5554.android.13.swaglabs_apk)","suites":[],"tests":[{"title":"Verificar hacer scroll en la lista de productos","fullTitle":"Scroll y Girar la pantalla.Verificar hacer scroll en la lista de productos","timedOut":false,"duration":3184,"state":"passed","speed":null,"pass":true,"fail":false,"pending":false,"context":"[{\"title\":\"Session Id\",\"value\":\"bcf649fa-3282-40ef-b052-efe2433b18b6\"}]","code":"","err":{},"uuid":"6430b52b-360e-4ef7-b657-155c3a98d624","parentUUID":"fdc96ba8-562e-482c-9356-f0268da211a7","isHook":false,"skipped":false}],"root":false,"_timeout":5000,"file":"/Users/luismedina/Documents/ProyectosAutomatizacion/Cypress-Proyectos/qa-automation/mobile/test/specs/mobileActions.spec.js","uuid":"fdc96ba8-562e-482c-9356-f0268da211a7","fullFile":"/Users/luismedina/Documents/ProyectosAutomatizacion/Cypress-Proyectos/qa-automation/mobile/test/specs/mobileActions.spec.js","beforeHooks":[{"title":"\"before all\" hook for Scroll y Girar la pantalla","fullTitle":"\"before all\" hook for Scroll y Girar la pantalla","timedOut":false,"duration":3680,"state":"passed","speed":null,"pass":true,"fail":false,"pending":false,"context":"[{\"title\":\"Session Id\",\"value\":\"bcf649fa-3282-40ef-b052-efe2433b18b6\"}]","code":"","err":{},"uuid":"fa1e8c46-2efa-4fe5-915c-dd5fe77c2da9","parentUUID":"fdc96ba8-562e-482c-9356-f0268da211a7","isHook":true,"skipped":false}],"afterHooks":[{"title":"\"after all\" hook in \"{root}\"","fullTitle":"\"after all\" hook in \"{root}\"","timedOut":false,"duration":0,"state":"passed","speed":null,"pass":true,"fail":false,"pending":false,"context":"[{\"title\":\"Session Id\",\"value\":\"bcf649fa-3282-40ef-b052-efe2433b18b6\"}]","code":"","err":{},"uuid":"6a30760e-b31e-4be8-96d1-a622e66679d3","parentUUID":"fdc96ba8-562e-482c-9356-f0268da211a7","isHook":true,"skipped":false}],"passes":["6430b52b-360e-4ef7-b657-155c3a98d624"],"failures":[],"pending":[],"skipped":[],"duration":6866}],"tests":[],"root":true,"_timeout":5000,"file":"","uuid":"5528c906-7b2b-4261-9d4a-ba0c71d7b629","fullFile":"","beforeHooks":[],"afterHooks":[],"passes":[],"failures":[],"pending":[],"skipped":[],"duration":0}],"meta":{"mocha":{"version":"11.1.0"},"mochawesome":{"options":{"quiet":false,"reportFilename":"test-report","saveHtml":true,"saveJson":true,"consoleReporter":"spec","useInlineDiffs":false,"code":false},"version":"7.1.3"},"marge":{"options":{"reportDir":"mochawesome-report","reportFilename":"test-report","reportTitle":"WebdriverIO Tests","charts":"true","overwrite":"true","timestamp":"true","code":"false","autoOpen":"true"},"version":"6.2.0"}}}