{"stats":{"suites":1,"tests":1,"passes":1,"pending":0,"failures":0,"start":"2025-06-04T20:53:21.968Z","end":"2025-06-04T20:53:27.692Z","duration":5724,"testsRegistered":1,"passPercent":100,"pendingPercent":0,"other":0,"hasOther":false,"skipped":0,"hasSkipped":false},"results":[{"title":"","suites":[{"title":"Agre item al carrito (emulator-5554.android.13.swaglabs_apk)","suites":[],"tests":[{"title":"Verificar el agregar un producto al carrito","fullTitle":"Agre item al carrito.Verificar el agregar un producto al carrito","timedOut":false,"duration":826,"state":"passed","speed":null,"pass":true,"fail":false,"pending":false,"context":"[{\"title\":\"Session Id\",\"value\":\"df816bf2-36be-4c4f-be3a-74215b50f381\"}]","code":"","err":{},"uuid":"b68c4d90-06b8-48e3-b915-169aa38d2f80","parentUUID":"25a7a524-15ae-4afe-bd4b-eeb100fa0b8f","isHook":false,"skipped":false}],"root":false,"_timeout":5000,"file":"/Users/luismedina/Documents/ProyectosAutomatizacion/Cypress-Proyectos/qa-automation/mobile/test/specs/searchAndNavigate.spec.js","uuid":"25a7a524-15ae-4afe-bd4b-eeb100fa0b8f","fullFile":"/Users/luismedina/Documents/ProyectosAutomatizacion/Cypress-Proyectos/qa-automation/mobile/test/specs/searchAndNavigate.spec.js","beforeHooks":[{"title":"\"before all\" hook for Agre item al carrito","fullTitle":"\"before all\" hook for Agre item al carrito","timedOut":false,"duration":4696,"state":"passed","speed":null,"pass":true,"fail":false,"pending":false,"context":"[{\"title\":\"Session Id\",\"value\":\"df816bf2-36be-4c4f-be3a-74215b50f381\"}]","code":"","err":{},"uuid":"151a8073-6426-4e8a-8c9d-a1593e165c3b","parentUUID":"25a7a524-15ae-4afe-bd4b-eeb100fa0b8f","isHook":true,"skipped":false}],"afterHooks":[{"title":"\"after all\" hook in \"{root}\"","fullTitle":"\"after all\" hook in \"{root}\"","timedOut":false,"duration":1,"state":"passed","speed":null,"pass":true,"fail":false,"pending":false,"context":"[{\"title\":\"Session Id\",\"value\":\"df816bf2-36be-4c4f-be3a-74215b50f381\"}]","code":"","err":{},"uuid":"e0c43629-29fc-42c7-ba1b-39c0028383f5","parentUUID":"25a7a524-15ae-4afe-bd4b-eeb100fa0b8f","isHook":true,"skipped":false}],"passes":["b68c4d90-06b8-48e3-b915-169aa38d2f80"],"failures":[],"pending":[],"skipped":[],"duration":5526}],"tests":[],"root":true,"_timeout":5000,"file":"","uuid":"16c84666-ef26-4989-8fe8-04a1dee2a5a0","fullFile":"","beforeHooks":[],"afterHooks":[],"passes":[],"failures":[],"pending":[],"skipped":[],"duration":0}],"meta":{"mocha":{"version":"11.1.0"},"mochawesome":{"options":{"quiet":false,"reportFilename":"test-report","saveHtml":true,"saveJson":true,"consoleReporter":"spec","useInlineDiffs":false,"code":false},"version":"7.1.3"},"marge":{"options":{"reportDir":"mochawesome-report","reportFilename":"test-report","reportTitle":"WebdriverIO Tests","charts":"true","overwrite":"true","timestamp":"true","code":"false","autoOpen":"true"},"version":"6.2.0"}}}